<?xml version="1.0" encoding="UTF-8"?>
<testsuite name="As a user" tests="1" skipped="0" failures="1" errors="0" timestamp="2023-06-07T00:22:25" hostname="Cesars-MacBook-Pro-2.local" time="8.957">
  <properties/>
  <testcase name="Successfully obtaining a resource" classname="As a user" time="8.957">
    <failure message="java.lang.AssertionError: Cannot invoke &quot;java.lang.Throwable.getMessage()&quot; because &quot;actualError&quot; is null" type="java.lang.AssertionError">java.lang.AssertionError: Cannot invoke &quot;java.lang.Throwable.getMessage()&quot; because &quot;actualError&quot; is null
	at net.serenitybdd.screenplay.ErrorTally.throwSummaryExceptionFrom(ErrorTally.java:38)
	at net.serenitybdd.screenplay.ErrorTally.reportAnyErrors(ErrorTally.java:32)
	at net.serenitybdd.screenplay.Actor.should(Actor.java:395)
	at co.com.practice.stepdefinitions.GetStepdefinitions.validateFieldGetResponseApi(GetStepdefinitions.java:63)
	at âœ½.Validate field and Value get response api(file:///Users/cesarriosusuga/Downloads/ServiciosRest-Prueba/src/test/resources/features/Services.feature:12)
</failure>
  </testcase>
  <system-out><![CDATA[]]></system-out>
  <system-err><![CDATA[[Test worker] INFO io.cucumber.core.plugin.SerenityReporter - Running feature from file:///Users/cesarriosusuga/Downloads/ServiciosRest-Prueba/src/test/resources/features/Services.feature
[Test worker] INFO  - 
  _____   ___   ___   _____     ___   _____     _     ___   _____   ___   ___  
 |_   _| | __| / __| |_   _|   / __| |_   _|   /_\   | _ \ |_   _| | __| |   \ 
   | |   | _|  \__ \   | |     \__ \   | |    / _ \  |   /   | |   | _|  | |) |
   |_|   |___| |___/   |_|     |___/   |_|   /_/ \_\ |_|_\   |_|   |___| |___/ 

Successfully obtaining a resource(as-a-user;successfully-obtaining-a-resource)
--------------------------------------------------------------------------------
[Test worker] ERROR  - 
  _____   ___   ___   _____     ___   ___   ___    ___    ___ 
 |_   _| | __| / __| |_   _|   | __| | _ \ | _ \  / _ \  | _ \
   | |   | _|  \__ \   | |     | _|  |   / |   / | (_) | |   /
   |_|   |___| |___/   |_|     |___| |_|_\ |_|_\  \___/  |_|_\

Successfully obtaining a resource
---------------------------------------------------------------
[Test worker] ERROR  -     Test failed at step: Validation fields get service
[Test worker] ERROR  -     Cannot invoke "java.lang.Throwable.getMessage()" because "actualError" is null
]]></system-err>
</testsuite>
